<?xml version="1.0" encoding="UTF-8"?>
<!-- Generated by org.testng.reporters.JUnitXMLReporter -->
<testsuite hostname="RammohanN-PC" ignored="0" name="LoginpageTest" tests="4" failures="2" timestamp="2020-02-26T20:03:45 IST" time="104.556" errors="0">
  <testcase name="LoginpagetitleTest" time="0.748" classname="com.ktpl.testcases.LoginpageTest"/>
  <testcase name="CustomerloginTest" time="0.684" classname="com.ktpl.testcases.LoginpageTest">
    <failure type="java.lang.AssertionError" message="login is not sucessfull expected [Home Page] but found [Customer Login]">
      <![CDATA[java.lang.AssertionError: login is not sucessfull expected [Home Page] but found [Customer Login]
at com.ktpl.testcases.LoginpageTest.CustomerloginTest(LoginpageTest.java:54)
at java.util.ArrayList.forEach(Unknown Source)
at java.util.concurrent.FutureTask.run(Unknown Source)
at java.util.concurrent.ThreadPoolExecutor.runWorker(Unknown Source)
at java.util.concurrent.ThreadPoolExecutor$Worker.run(Unknown Source)
at java.lang.Thread.run(Unknown Source)
... Removed 22 stack frames]]>
    </failure>
  </testcase> <!-- CustomerloginTest -->
  <testcase name="forgotpasswordlinkTest" time="2.882" classname="com.ktpl.testcases.LoginpageTest"/>
  <testcase name="CreateaccountlinkTest" time="1.125" classname="com.ktpl.testcases.LoginpageTest">
    <failure type="org.openqa.selenium.ElementClickInterceptedException" message="element click intercepted: Element &amp;lt;a href=&amp;quot;https://fashiongo.solution.magentoprojects.net/customer/account/create/&amp;quot; class=&amp;quot;action create primary&amp;quot;&amp;gt;...&amp;lt;/a&amp;gt; is not clickable at point (823, 568). Other element would receive the click: &amp;lt;div class=&amp;quot;modal-inner-wrap&amp;quot; data-role=&amp;quot;focusable-scope&amp;quot;&amp;gt;...&amp;lt;/div&amp;gt;
  (Session info: chrome=79.0.3945.130)
Build info: version: &amp;apos;3.141.59&amp;apos;, revision: &amp;apos;e82be7d358&amp;apos;, time: &amp;apos;2018-11-14T08:17:03&amp;apos;
System info: host: &amp;apos;RAMMOHANN-PC&amp;apos;, ip: &amp;apos;10.16.16.203&amp;apos;, os.name: &amp;apos;Windows 10&amp;apos;, os.arch: &amp;apos;amd64&amp;apos;, os.version: &amp;apos;10.0&amp;apos;, java.version: &amp;apos;1.8.0_72&amp;apos;
Driver info: org.openqa.selenium.chrome.ChromeDriver
Capabilities {acceptInsecureCerts: false, browserName: chrome, browserVersion: 79.0.3945.130, chrome: {chromedriverVersion: 79.0.3945.36 (3582db32b3389..., userDataDir: C:\Users\RAMMOH~1.NIM\AppDa...}, goog:chromeOptions: {debuggerAddress: localhost:50241}, javascriptEnabled: true, networkConnectionEnabled: false, pageLoadStrategy: normal, platform: WINDOWS, platformName: WINDOWS, proxy: Proxy(), setWindowRect: true, strictFileInteractability: false, timeouts: {implicit: 0, pageLoad: 300000, script: 30000}, unhandledPromptBehavior: dismiss and notify}
Session ID: 2f5c996603e4931cf83f980ed4d6c5e0">
      <![CDATA[org.openqa.selenium.ElementClickInterceptedException: element click intercepted: Element <a href="https://fashiongo.solution.magentoprojects.net/customer/account/create/" class="action create primary">...</a> is not clickable at point (823, 568). Other element would receive the click: <div class="modal-inner-wrap" data-role="focusable-scope">...</div>
  (Session info: chrome=79.0.3945.130)
Build info: version: '3.141.59', revision: 'e82be7d358', time: '2018-11-14T08:17:03'
System info: host: 'RAMMOHANN-PC', ip: '10.16.16.203', os.name: 'Windows 10', os.arch: 'amd64', os.version: '10.0', java.version: '1.8.0_72'
Driver info: org.openqa.selenium.chrome.ChromeDriver
Capabilities {acceptInsecureCerts: false, browserName: chrome, browserVersion: 79.0.3945.130, chrome: {chromedriverVersion: 79.0.3945.36 (3582db32b3389..., userDataDir: C:\Users\RAMMOH~1.NIM\AppDa...}, goog:chromeOptions: {debuggerAddress: localhost:50241}, javascriptEnabled: true, networkConnectionEnabled: false, pageLoadStrategy: normal, platform: WINDOWS, platformName: WINDOWS, proxy: Proxy(), setWindowRect: true, strictFileInteractability: false, timeouts: {implicit: 0, pageLoad: 300000, script: 30000}, unhandledPromptBehavior: dismiss and notify}
Session ID: 2f5c996603e4931cf83f980ed4d6c5e0
at org.openqa.selenium.remote.http.W3CHttpResponseCodec.createException(W3CHttpResponseCodec.java:187)
at org.openqa.selenium.remote.http.W3CHttpResponseCodec.decode(W3CHttpResponseCodec.java:122)
at org.openqa.selenium.remote.http.W3CHttpResponseCodec.decode(W3CHttpResponseCodec.java:49)
at org.openqa.selenium.remote.HttpCommandExecutor.execute(HttpCommandExecutor.java:158)
at org.openqa.selenium.remote.service.DriverCommandExecutor.execute(DriverCommandExecutor.java:83)
at org.openqa.selenium.remote.RemoteWebDriver.execute(RemoteWebDriver.java:552)
at org.openqa.selenium.remote.RemoteWebElement.execute(RemoteWebElement.java:285)
at org.openqa.selenium.remote.RemoteWebElement.click(RemoteWebElement.java:84)
at org.openqa.selenium.support.pagefactory.internal.LocatingElementHandler.invoke(LocatingElementHandler.java:51)
at com.sun.proxy.$Proxy11.click(Unknown Source)
at com.ktpl.pages.Loginpage.clickonCreateAccountLink(Loginpage.java:37)
at com.ktpl.testcases.LoginpageTest.CreateaccountlinkTest(LoginpageTest.java:70)
at java.util.ArrayList.forEach(Unknown Source)
at java.util.concurrent.FutureTask.run(Unknown Source)
at java.util.concurrent.ThreadPoolExecutor.runWorker(Unknown Source)
at java.util.concurrent.ThreadPoolExecutor$Worker.run(Unknown Source)
at java.lang.Thread.run(Unknown Source)
... Removed 26 stack frames]]>
    </failure>
  </testcase> <!-- CreateaccountlinkTest -->
</testsuite> <!-- LoginpageTest -->
